<?xml version="1.0" encoding="UTF-8"?>
<!-- Generated by org.testng.reporters.JUnitReportReporter -->
<testsuite hostname="DESKTOP-TAPKBQO" failures="0" tests="1" name="com.ShoppersStack_testScripts.Verify_user_is_able_to_add_add_address_or_not" time="56.946" errors="0" timestamp="2024-05-28T16:40:07 IST" skipped="0">
  <testcase classname="com.ShoppersStack_testScripts.Verify_user_is_able_to_add_add_address_or_not" name="addAdress" time="56.946"/>
</testsuite> <!-- com.ShoppersStack_testScripts.Verify_user_is_able_to_add_add_address_or_not -->
