<?xml version="1.0" encoding="UTF-8"?>
<!-- Generated by org.testng.reporters.JUnitReportReporter -->
<testsuite hostname="DESKTOP-TAPKBQO" failures="0" tests="1" name="com.ShoppersStack_testScripts.Verify_user_is_able_to_delete_address_or_not" time="34.548" errors="0" timestamp="2024-05-28T16:54:30 IST" skipped="0">
  <testcase classname="com.ShoppersStack_testScripts.Verify_user_is_able_to_delete_address_or_not" name="addAdress" time="34.548"/>
</testsuite> <!-- com.ShoppersStack_testScripts.Verify_user_is_able_to_delete_address_or_not -->
