<?xml version="1.0" encoding="UTF-8"?>
<!-- Generated by org.testng.reporters.JUnitReportReporter -->
<testsuite hostname="DESKTOP-TAPKBQO" failures="0" tests="1" name="com.ShoppersStack_testScripts.Verify_user_is_able_to_delete_address_or_not_Test" time="74.376" errors="0" timestamp="2024-05-29T22:48:32 IST" skipped="0">
  <testcase classname="com.ShoppersStack_testScripts.Verify_user_is_able_to_delete_address_or_not_Test" name="addAdress" time="74.376"/>
</testsuite> <!-- com.ShoppersStack_testScripts.Verify_user_is_able_to_delete_address_or_not_Test -->
