<?xml version="1.0" encoding="UTF-8"?>
<!-- Generated by org.testng.reporters.JUnitReportReporter -->
<testsuite hostname="DESKTOP-TAPKBQO" failures="0" tests="1" name="com.ShoppersStack_testScripts.Verify_user_is_able_to_update_address_or_not" time="33.055" errors="0" timestamp="2024-05-30T00:01:16 IST" skipped="0">
  <testcase classname="com.ShoppersStack_testScripts.Verify_user_is_able_to_update_address_or_not" name="updateAdress" time="33.055"/>
</testsuite> <!-- com.ShoppersStack_testScripts.Verify_user_is_able_to_update_address_or_not -->
